<?xml version="1.0" encoding="UTF-8"?>
<testng-results skipped="0" failed="0" ignored="0" total="5" passed="5">
  <reporter-output>
  </reporter-output>
  <suite name="OrangeHRMDemoTestcases" duration-ms="37202" started-at="2021-05-31T10:00:58 IST" finished-at="2021-05-31T10:01:35 IST">
    <groups>
    </groups>
    <test name="LoginTestcases" duration-ms="37202" started-at="2021-05-31T10:00:58 IST" finished-at="2021-05-31T10:01:35 IST">
      <class name="AutiomationFrameWorkTestCasesProjectTestcases.ValidLoginCredentialsTestcase">
        <test-method status="PASS" signature="Init(java.lang.String)[pri:0, instance:AutiomationFrameWorkTestCasesProjectTestcases.ValidLoginCredentialsTestcase@59906517]" name="Init" is-config="true" duration-ms="10136" started-at="2021-05-31T10:00:58 IST" finished-at="2021-05-31T10:01:08 IST">
          <params>
            <param index="0">
              <value>
                <![CDATA[CHROME]]>
              </value>
            </param>
          </params>
          <reporter-output>
          </reporter-output>
        </test-method> <!-- Init -->
        <test-method status="PASS" signature="TestLoginWithValidCrdentials()[pri:1, instance:AutiomationFrameWorkTestCasesProjectTestcases.ValidLoginCredentialsTestcase@59906517]" name="TestLoginWithValidCrdentials" duration-ms="5275" started-at="2021-05-31T10:01:08 IST" finished-at="2021-05-31T10:01:14 IST">
          <reporter-output>
          </reporter-output>
        </test-method> <!-- TestLoginWithValidCrdentials -->
      </class> <!-- AutiomationFrameWorkTestCasesProjectTestcases.ValidLoginCredentialsTestcase -->
      <class name="AutiomationFrameWorkTestCasesProjectTestcases.InvalidLoginTestCases">
        <test-method status="PASS" signature="Init(java.lang.String)[pri:0, instance:AutiomationFrameWorkTestCasesProjectTestcases.InvalidLoginTestCases@5bfbf16f]" name="Init" is-config="true" duration-ms="18203" started-at="2021-05-31T10:01:14 IST" finished-at="2021-05-31T10:01:32 IST">
          <params>
            <param index="0">
              <value>
                <![CDATA[CHROME]]>
              </value>
            </param>
          </params>
          <reporter-output>
          </reporter-output>
        </test-method> <!-- Init -->
        <test-method status="PASS" signature="TestLoginWithInValidCrdentials(java.lang.String, java.lang.String, java.lang.String)[pri:1, instance:AutiomationFrameWorkTestCasesProjectTestcases.InvalidLoginTestCases@5bfbf16f]" name="TestLoginWithInValidCrdentials" duration-ms="420" started-at="2021-05-31T10:01:33 IST" data-provider="ProvideInvalidCredentialsFromExcel" finished-at="2021-05-31T10:01:34 IST">
          <params>
            <param index="0">
              <value>
                <![CDATA[Admin]]>
              </value>
            </param>
            <param index="1">
              <value>
                <![CDATA[]]>
              </value>
            </param>
            <param index="2">
              <value>
                <![CDATA[Password cannot be empty]]>
              </value>
            </param>
          </params>
          <reporter-output>
          </reporter-output>
        </test-method> <!-- TestLoginWithInValidCrdentials -->
        <test-method status="PASS" signature="TestLoginWithInValidCrdentials(java.lang.String, java.lang.String, java.lang.String)[pri:1, instance:AutiomationFrameWorkTestCasesProjectTestcases.InvalidLoginTestCases@5bfbf16f]" name="TestLoginWithInValidCrdentials" duration-ms="328" started-at="2021-05-31T10:01:34 IST" data-provider="ProvideInvalidCredentialsFromExcel" finished-at="2021-05-31T10:01:34 IST">
          <params>
            <param index="0">
              <value>
                <![CDATA[]]>
              </value>
            </param>
            <param index="1">
              <value>
                <![CDATA[admin123]]>
              </value>
            </param>
            <param index="2">
              <value>
                <![CDATA[Username cannot be empty]]>
              </value>
            </param>
          </params>
          <reporter-output>
          </reporter-output>
        </test-method> <!-- TestLoginWithInValidCrdentials -->
        <test-method status="PASS" signature="TestLoginWithInValidCrdentials(java.lang.String, java.lang.String, java.lang.String)[pri:1, instance:AutiomationFrameWorkTestCasesProjectTestcases.InvalidLoginTestCases@5bfbf16f]" name="TestLoginWithInValidCrdentials" duration-ms="274" started-at="2021-05-31T10:01:34 IST" data-provider="ProvideInvalidCredentialsFromExcel" finished-at="2021-05-31T10:01:34 IST">
          <params>
            <param index="0">
              <value>
                <![CDATA[]]>
              </value>
            </param>
            <param index="1">
              <value>
                <![CDATA[]]>
              </value>
            </param>
            <param index="2">
              <value>
                <![CDATA[Username cannot be empty]]>
              </value>
            </param>
          </params>
          <reporter-output>
          </reporter-output>
        </test-method> <!-- TestLoginWithInValidCrdentials -->
        <test-method status="PASS" signature="TestLoginWithInValidCrdentials(java.lang.String, java.lang.String, java.lang.String)[pri:1, instance:AutiomationFrameWorkTestCasesProjectTestcases.InvalidLoginTestCases@5bfbf16f]" name="TestLoginWithInValidCrdentials" duration-ms="1144" started-at="2021-05-31T10:01:34 IST" data-provider="ProvideInvalidCredentialsFromExcel" finished-at="2021-05-31T10:01:35 IST">
          <params>
            <param index="0">
              <value>
                <![CDATA[Pranoday]]>
              </value>
            </param>
            <param index="1">
              <value>
                <![CDATA[Dingare]]>
              </value>
            </param>
            <param index="2">
              <value>
                <![CDATA[Invalid credentials]]>
              </value>
            </param>
          </params>
          <reporter-output>
          </reporter-output>
        </test-method> <!-- TestLoginWithInValidCrdentials -->
      </class> <!-- AutiomationFrameWorkTestCasesProjectTestcases.InvalidLoginTestCases -->
    </test> <!-- LoginTestcases -->
  </suite> <!-- OrangeHRMDemoTestcases -->
</testng-results>
