<?xml version="1.0" encoding="UTF-8"?>
<!-- Generated by org.testng.reporters.JUnitXMLReporter -->
<testsuite hostname="LAPTOP-AKU8L8FO" ignored="0" name="LoginTestcases" tests="5" failures="0" timestamp="2021-05-31T10:01:36 IST" time="37.202" errors="0">
  <testcase name="TestLoginWithValidCrdentials" time="5.275" classname="AutiomationFrameWorkTestCasesProjectTestcases.ValidLoginCredentialsTestcase"/>
  <testcase name="TestLoginWithInValidCrdentials" time="0.42" classname="AutiomationFrameWorkTestCasesProjectTestcases.InvalidLoginTestCases"/>
  <testcase name="TestLoginWithInValidCrdentials" time="0.328" classname="AutiomationFrameWorkTestCasesProjectTestcases.InvalidLoginTestCases"/>
  <testcase name="TestLoginWithInValidCrdentials" time="0.274" classname="AutiomationFrameWorkTestCasesProjectTestcases.InvalidLoginTestCases"/>
  <testcase name="TestLoginWithInValidCrdentials" time="1.144" classname="AutiomationFrameWorkTestCasesProjectTestcases.InvalidLoginTestCases"/>
</testsuite> <!-- LoginTestcases -->
